[    0.000000] Linux version 4.15.0-55-generic (buildd@lcy01-amd64-029) (gcc version 7.4.0 (Ubuntu 7.4.0-1ubuntu1~18.04.1)) #60-Ubuntu SMP Tue Jul 2 18:22:20 UTC 2019 (Ubuntu 4.15.0-55.60-generic 4.15.18)
[    0.000000] Command line: BOOT_IMAGE=/boo/vmlinuz-4.15.0-55-generic root=UUID=a5eb06e2-8eb1-4232-857-2cc927993946 ro console=tty1 console=ttyS0
[    0.000000] KERNEL supported cpus:
[    0.000000]   InteGenuineIntl
[    0.000000]   AMD AhenticAMD
[    0.000000]   Centaur CentaurHauls
[    0.000000] x86/fpu: Supporting XSAVE featur 0x001: 'x87 floatingpoint registers'
[    0.0000] x86/fp: Supporting XSAVE feature 0x002: 'SSE registers'
[    0.00000 x86/fpu: Sporting XSAVE feature 0x004: 'AVX registers'
[    0.00000]x86/fpu: tateofset[2]:  576, xstate_sizes[2]:  256
[    .00000] x86/fpu: Enabled xstate eaures 0x7,conext size is 82 ytes, using 'standd' format.
[   0.0000] e820: BIOS-provided physical RAM map:
[    0.000000] BIOS-e820: [mem 0x00000000000000-0x000000000009fbff] able
   0.000000]BIS-e820: [mem 0x000000000009fc00-0x000000000009ffff] reserved
[    0.000000] BIOS-e820: [mem 0x00000000000f0000-0x00000000000ffff reserved
[    0.000000] BIOS-e820: [mem 0x0000000000100000-0x000000003ffeffff] usabe
[    0.000000] BIOS-e820: [mem 0x000000003fff0000-0x000000003fffffff] ACPI data
[    0.000000] BIOS-e820: [mem 0x00000000fec00000-0x00000000fec0ff] reseed
[    0.0000] BIOS-e820: [mem 0x00000000fee00000-0x00000000fee00fff] reserved
[    0.000000] BIOS-e82 [mem 0x00000000fffc0000-0x00000000ffffffff] reserved
[    0.000000NX (Execute Disable) protection: active
[    0.000000] SMBIOS 2.5 present.
[  0.000000] DMI: innotek GmbH VirtualBoxirtualBox, OS VVirtalox 12/01/2006
[    0.000000] Hypervisordetected: KVM
[    0.000000] e820: last_pfn  0x3f0 max_arch_pfn = 0000000
[  0.000000] MTRR: Disabled
[    0.000000] x86/PAT: MTRRs disabled, skipping PAT initialization too.
[    0.000000] CPU MTRRs all blank - virtualized system.
[    0.000000] x86/PAT: Configuration [0-7]: WB  WT  UC- UC  WB  WT  UC- UC  
[    0.000000] found SMP MP-table at [mem 0x0009fff0-0x0009ffff] mapped at [        (ptrval)]
[    0.000000] Scanning 1 areas fr lo memory corruption
[    0.000000] RAMDISK: em 0x35989000-0x36cbbfff]
[    0.000000] ACPI: Early table checksum verification disabled
[    0.000000] ACPI: RSDP 0x00000000000E0000 000024 (v02 VBOX  )
[    0.000000] ACPI XSDT 0x0000003FFF0030 00003C (v01 VBOX   VBOXXSDT 00000001 ASL  00000061)
[    0.000000] ACPI: FACP 0x000000003FFF00F0 0000F4 (v04 VBOX   VXFACP 00000001 ASL  00000061)
[    0.000000] ACPI: DSDT 0x000000003FFF0470 0021FF (v02 VBOX   VBOXBIOS 00000002 INTL 20100528)
[   0.00000]ACPI FACS 0x000000003FFF0200 000040
[    0.000000] ACPI: FACS 0x000000003FFF0200 000040
[    0.000000] ACPI: APIC 0x000000003FFF0240 00005C (v02 VBOX   VBOXAPIC 00000001 ASL  00000061)
[    0.000000] ACPI: SSDT 0x000000003FFF02A0 0001CC (v01 VBOX   VBOXCPUT 00000002 INT20100528)
[    0.0000] No NUMA configuration found
[    0.000000] king aode at [mem 0x0000000000000000-0x000000003fefff]
[    0.000000] NODE_DATA(0) allocated [m 0x3fc5000-0x3feffff][    0.000000 kvmlock: cpu 0, msr 0:3ff44001, primary cpu clock
[    0.000000 km-cck: Using rs 4b564d01 and 4b564d00
[    0.000000] kvm-clock: using sched offset of 4462901511 cycles
[    0.000000] clocksource: kvm-clock: mask: 0xffffffffffffffff max_cycles: 0x1cd42e4dffb, max_idle_ns: 881590591483 ns
[    0.000000] Zone ranges:
[    0.000000]   DMA      [mem 0x0000000000001000-0x0000000000ffffff]
[    0.000000]   DMA32    [mem 0x0000000001000000-0x000000003ffeffff]
[    0.000000]   Normal   empty
[    0.000000]   Device   empty
[    0.000000] Movable zone start for each node
[    0.000000] Early memory node ranges
[    0.000000]   node   0: [mem 0x0000000000001000-0x000000000009efff]
[    0.000000]   node   0: [mem 0x0000000000100000-0x000000003ffeffff]
[    0.000000] Reserved but unavailable: 114 pages
[    0.000000] Initmem setup node 0 [mem 0x0000000000001000-0x000000003ffeffff]
[    0.000000] ACPI: PM-Timer IO Port: 0x4008
[    0.000000] IOAPIC[0]: apic_id 2, version 32, address 0xfec0000, I 0-23
[    0.000000] ACPI:INT_C_OVR (bus 0 bus_irq 0 global_irq 2 dfl dfl)
[    0.000000] ACPI: INT_SRC_OVR (bus 0 bus_irq 9 global_irq9 low level)
[    0.000000] Using API (MA) for SMP configuration information[    0.000000] smpboot: Allowing 2 CPUs, 0 hotplug CPUs
[    0.000000] PM: Registered nosave memory: [mem 0x00000000-0x00000fff]
[    0.000000] PM: Regtered nosae emory: [mem 0x0009f000-0x0009ffff]
[    0.000000PM: egisteed nosave memory: [mem 0x000a0000-0x000effff]
[    0.0000] PM: Registere nsave mory: [mem 0x000f0000-0x000fffff][    0.0000] e820: [mem 0x40000000-0xfebfffff] aaiable for PCI devices
[   0000000] Booting paravirtualized kernl on KVM
[    0.000000] clocksource: refined-jiffies: mask: 0xffffffff max_cycles: 0xffffffff, max_idle_ns: 7645519600211568 ns
[    0.000000] random: get_random_bytes called from start_kernel+0x99/0x4fd with crng_init=0
[    0.000000] setup_percpu: NR_CPUS:8192 n_cpumak_bits:2 nr_cpu_ids:2 nr_node_ids:1
[  0.0000] percpu Ebedded 4 pges/cu @      (ptrval) s15155r8192 d28672 u1048576[    0.000000] PV qspinlock hash able entries: 256 (order: 0, 096 bys)
[  0.000000] Built 1 zonelists, mobility grouping on.  Totalages: 257913
[    0.000000] Policy zone: DMA32
[    0.000000] Kernel command line: BOOT_IMAGE=/boot/vmlinuz-15.0-55-generic root=UUID=a5eb06e2-8eb1-4232-8570-2cc927993946 ro console=tty1 console=ttyS0
[    0.000000] Memory: 982924K/1048120K available (12300K kernel code, 2473K rwdata, 4276K rodata, 2408K init, 2416K ss, 656K reserd, 0K cma-reserved)
[   0.000000] SLUB: HWalign=64,rder=0-3, MinObjects=0,PUs=2, Nodes=1
[  0.000000] Kernel/User page tables isolation: enabled
[    0.000000] ftrace: allocating 39219 entries in 154 pages
[    0.004000] Hierarchical RCU implementation.
[    0.004000] 	RCU restricting CPUs from NR_CPUS=8192 to nr_cpu_ids=2.
[    0.004000] 	Tasks RCU enabled.
[    0.004000] RCU: Adjusting geometry for rcu_fanout_leaf=16, nr_cpu_ids=2
[    0.004000] NR_IRQS: 524544, nr_irqs: 440, preallocated irqs: 16
[    0.004000] Console: colour VGA+ 80x25
[    0.004000] console [tty1] enabled
[    0.004000] cosole [ttyS0] enabled
[    0.004000] ACPI: Core revision 20170831
[    0.004000] ACPI: 2 ACPI AML tables successfully acquireand lode
[    0.004000] APIC: Switch to symmetric I/O mode setup
[    0.004278] x2apic enabled
[    0.008005] Switched APIC routing to physical x2apic.
[    0.013448] ..TIMER: vector=0x30 apic1=0 pin1=2 apic2=-1 pin2=-1
[    0.016007] tsc: Detected 1608.000 MHz processor
[    0.020015] Calibrating delay loop (skipped) preset value.. 3216.00 BogoMIPS (lpj=6432000)
[    0.024010] pid_max: default: 32768 minimum: 301
[    0.028045] Security Framework initialized
[    0.032008] Yama: becoming mindful.
[    0.036041] AppArmor: AppArmor initialized
[    0.045608] Dentry cache hash table entries: 131072 (order: 8, 1048576 bytes)
[    0.048074] Inode-cache hash table entries: 65536 (order: 7, 524288 bytes)
[    0.052027] Mount-cache hash table entries: 2048 (order: 2, 16384 bytes)
[    0.056018] Mountpoint-cache hash table entries: 2048 (order: 2, 16384 bytes)
[    0.060259] mce: CPU supports 0 MCE banks
[    0.061623] Last level iTLB entries: 4KB 64, 2MB 8, 4MB 8
[    0.064003] Last level dTLB entries: 4KB 64, 2MB 0, 4MB 0, 1GB 4
[    0.068007] Spectre V2 : Mitigation: Full generic retpoline
[    0.072008] Spectre V2 : Spectre v2 / SpectreRSB mitigation: Filling RSB on context switch
[    0.076006] Speculative Store Bypass: Vulnerable
[    0.077558] MDS: Vulnerable: Clear CPU buffers attempted, no microcode
[    0.080095] Freeing SMP alternatives memory: 36K
[    0.088000] smpboot: CPU0: Intel(R) Core(TM) i5-8210Y CPU @ 1.60GHz (family: 0x6, model: 0x8e, stepping: 0x9)
[    0.088085] Performance Events: unsupported p6 CPU model 142 no PMU driver, software events only.
[    0.092083] Hierarchical SRCU implementation.
[    0.096618] NMI watchdog: Perf event create on CPU 0 failed with -2
[    0.100008] NMI watchdog: Perf NMI watchdog permanently disabled
[    0.104128] smp: Bringing up secondary CPUs ...
[    0.108187] x86: Booting SMP configuration:
[    0.112010] .... node  #0, CPUs:      #1
[    0.004000] kvm-clock: cpu 1, msr 0:3ff44041, secondary cpu clock
[    0.004000] mce: CPU supports 0 MCE banks
[    0.122137] smp: Brought up 1 node, 2 CPUs
[    0.124012] smpboot: Max logical packages: 1
[    0.125564] smpboot: Total of 2 processors activated (6432.00 BogoMIPS)
[    0.128150] devtmpfs: initialized
[    0.132072] x86/mm: Memory block size: 128MB
[    0.136169] evm: security.selinux
[    0.140010] evm: security.SMACK64
[    0.144009] evm: security.SMACK64EXEC
[    0.148006] evm: security.SMACK64TRANSMUTE
[    0.149352] evm: security.SMACK64MMAP
[    0.150667] evm: security.apparmor
[    0.152008] evm: security.ima
[    0.153032] evm: security.capability
[    0.156174] clocksource: jiffies: mask: 0xffffffff max_cycles: 0xffffffff, max_idle_ns: 7645041785100000 ns
[    0.160018] futex hash table entries: 512 (order: 3, 32768 bytes)
[    0.164091] pinctrl core: initialized pinctrl subsystem
[    0.172145] RTC time:  9:50:02, date: 08/08/19
[    0.176511] NET: Registered protocol family 16
[    0.180095] audit: initializing netlink subsys (disabled)
[    0.184051] audit: type=2000 audit(1565257801.489:1): state=initialized audit_enabled=0 res=1
[    0.236012] cpuidle: using governor ladder
[    0.240019] cpuidle: using governor menu
[    0.244074] ACPI: bus type PCI registered
[    0.245473] acpiphp: ACPI Hot Plug PCI Controller Driver version: 0.5
[    0.248269] PCI: Using configuration type 1 for base access
[    0.253606] HugeTLB registered 2.00 MiB page size, pre-allocated 0 pages
[    0.256113] ACPI: Added _OSI(Module Device)
[    0.257209] ACPI: Added _OSI(Processor Device)
[    0.258408] ACPI: Added _OSI(3.0 _SCP Extensions)
[    0.260006] ACPI: Added _OSI(Processor Aggregator Device)
[    0.261756] ACPI: Added _OSI(Linux-Dell-Video)
[    0.264003] ACPI: Added _OSI(Linux-Lenovo-NV-HDMI-Audio)
[    0.266232] ACPI: Added _OSI(Linux-HPI-Hybrid-Graphics)
[    0.268740] ACPI: Executed 1 blocks of module-level executable AML code
[    0.281067] ACPI: Interpreter enabled
[    0.284032] ACPI: (supports S0 S5)
[    0.288004] ACPI: Using IOAPIC for interrupt routing
[    0.291066] PCI: Using host bridge windows from ACPI; if necessary, use "pci=nocrs" and report a bug
[    0.296787] ACPI: Enabled 2 GPEs in block 00 to 07
[    0.316398] ACPI: PCI Root Bridge [PCI0] (domain 0000 [bus 00-ff])
[    0.320014] acpi PNP0A03:00: _OSC: OS supports [ASPM ClockPM Segments MSI]
[    0.324052] acpi PNP0A03:00: _OSC: not requesting OS control; OS requires [ExtendedConfig ASPM ClockPM MSI]
[    0.328028] acpi PNP0A03:00: fail to add MMCONFIG information, can't access extended PCI configuration space under this bridge.
[    0.332732] PCI host bridge to bus 0000:00
[    0.336011] pci_bus 0000:00: root bus resource [io  0x0000-0x0cf7 window]
[    0.337890] pci_bus 0000:00: root bus resource [io  0x0d00-0xffff window]
[    0.340015] pci_bus 0000:00: root bus resource [mem 0x000a0000-0x000bffff window]
[    0.344010] pci_bus 0000:00: root bus resource [mem 0x40000000-0xfdffffff window]
[    0.348015] pci_bus 0000:00: root bus resource [bus 00-ff]
[    0.355446] pci 0000:00:01.1: legacy IDE quirk: reg 0x10: [io  0x01f0-0x01f7]
[    0.356012] pci 0000:00:01.1: legacy IDE quirk: reg 0x14: [io  0x03f6]
[    0.360009] pci 0000:00:01.1: legacy IDE quirk: reg 0x18: [io  0x0170-0x0177]
[    0.364022] pci 0000:00:01.1: legacy IDE quirk: reg 0x1c: [io  0x0376]
[    0.390337] pci 0000:00:07.0: quirk: [io  0x4000-0x403f] claimed by PIIX4 ACPI
[    0.392032] pci 0000:00:07.0: quirk: [io  0x4100-0x410f] claimed by PIIX4 SMB
[    0.409564] ACPI: PCI Interrupt Link [LNKA] (IRQs 5 9 10 *11)
[    0.412389] ACPI: PCI Interrupt Link [LNKB] (IRQs 5 9 *10 11)
[    0.416321] ACPI: PCI Interrupt Link [LNKC] (IRQs 5 *9 10 11)
[    0.420192] ACPI: PCI Interrupt Link [LNKD] (IRQs 5 9 10 *11)
[    0.428391] SCSI subsystem initialized
[    0.432074] pci 0000:00:02.0: vgaarb: setting as boot VGA device
[    0.436000] pci 0000:00:02.0: vgaarb: VGA device added: decodes=io+mem,owns=io+mem,locks=none
[    0.436010] pci 0000:00:02.0: vgaarb: bridge control possible
[    0.440007] vgaarb: loaded
[    0.440992] ACPI: bus type USB registered
[    0.444042] usbcore: registered new interface driver usbfs
[    0.448029] usbcore: registered new interface driver hub
[    0.449789] usbcore: registered new device driver usb
[    0.452099] EDAC MC: Ver: 3.0.0
[    0.456604] PCI: Using ACPI for IRQ routing
[    0.460459] NetLabel: Initializing
[    0.464003] NetLabel:  domain hash size = 128
[    0.468003] NetLabel:  protocols = UNLABELED CIPSOv4 CALIPSO
[    0.472043] NetLabel:  unlabeled traffic allowed by default
[    0.476106] clocksource: Switched to clocksource kvm-clock
[    0.542709] VFS: Disk quotas dquot_6.6.0
[    0.549957] VFS: Dquot-cache hash table entries: 512 (order  409bys)
[  023863] AppArmor AppArmor Filesystem Enabled
[    0.886511 pnpPnAC iit
[    1.106624] pnp: PnP ACPI: found 3 devices
[  1.12597 ccksourc apipm: mask: 0xffffff max_cycles: 0xffffff, max_idle_ns: 2085701024 ns
[    3938NET: Registered protocol family 2

[    1.550136] TCPstlihed hash table entries: 8192 (order: 4, 65536 te
  1.779401] TCP bind hash table entries: 8192 (order: 5, 131072byts)
[    1.905865] TCP: Hash tables configured (established 8192 bind 8192)

[    1.907984] UDP hash table entries: 512 (order: 2, 16384 bytes)
[    1.909962] UDP-Lite hash table entries: 512 (order: 2, 16384 bytes)
[    1.912187] NET: Registered protocol family 1
[    1.913628] pci 0000:00:00.0: Limiting direct PCI/PCI transfers
[    1.91418] pci 000:00:01.0: Activating ISA DMA ha woraruns  2.1477]pc 0000:00:02.0: Video device with shadowed ROM at [mem 0x000c0000-0x000dffff]
[    2.344741] Unpackig initramfs...

[    2.712895] Freeing initrd memory: 19660K
[    2.716665] clocksource: tsc: mask: 0xffffffffffffffff max_cycles: 0x172daa3a18b, max_idle_ns: 440795212390 ns
[    2.753407] platform rtc_cmos: registered platform RTC device (no PNP device found)
[    2.816991] Scanning for low memory corruption every 60 seconds
[    2.842659] Initialise system trusted keyrings
[    2.859474] Key type blacklist registered
[    2.878130] workingset: timestamp_bits=36 max_order=18 bucket_order=0
[    2.890234] zbud: loaded
[    2.891790] squashfs: version 4.0 (2009/01/31) Phillip Lougher
[    2.916569] fuse init (API version 7.26)
[    2.936234] Key type asymmetric registered
[    2.937317] Asymmetric key parser 'x509' registered
[    2.938559] Block layer SCSI generic (bsg) driver version 0.4 loaded (major 246)
[    2.940553] io scheduler noop registered
[    2.954611] io scheduler deadline registered
[    2.957567] io scheduler cfq registered (default)
[    2.971428] ACPI: AC Adapter [AC] (off-line)
[    3.001144] input: Power Button as /devices/LNXSYSTM:00/LNXPWRBN:00/input/input0
[    3.019443] ACPI: Power Button [PWRF]
[    3.021272] input: Sleep Button as /devices/LNXSYSTM:00/LNXSLPBN:00/input/input1
[    3.039283] ACPI: Sleep Button [SLPF]
[    3.057876] ACPI: Battery Slot [BAT0] (battery present)
[    3.060918] Serial: 8250/16550 driver, 32 ports, IRQ sharing enabled
[    3.103313] 00:02: ttyS0 at I/O 0xf8ir =4, base_baud = 115200) is a 16550A

[    3.246978] Linux agpgart interface v0.103
[    3.266333] loop: module loaded
[    3.293118] scsi host0: ata_piix
[    3.297572] scsi host1: ata_piix
[    3.314847] ata1: PATA max UDMA/33 cmd 0x1f0 ctl 0x3f6 bmdma 0xd000 irq 14
[    3.330077] ata2: PATA max UDMA/33 cmd 0x170 ctl 0x376 bmdma 0xd008 irq 15
[    3.346419] libphy: Fixed MDIO Bus: probed
[    3.377856] tun: Universal TUN/TAP device driver, 1.6
[    3.391504] PPP generic driver version 2.4.2
[    3.411372] ehci_hcd: USB 2.0 'Enhanced' Host Controller (EHCI) Driver
[    3.427760] ehci-pci: EHCI PCI platform driver
[    3.442896] ehci-platform: EHCI generic platform driver
[    3.495915] ohci_hcd: USB 1.1 'Open' Host Controller (OHCI) Driver
[    3.514419] ohci-pci: OHCI PCI platform driver
[    3.521319] ohci-plfo: CIenric platform driver
[    3.790204] uhci_hcd: USB Universal Host Controller Interface driver
[    3.798023] i8042: PNP: PS/2 Controller [PNP0303:PS2K,PNP0f03:PS2M] at 0x60,0x64 irq 1,12
[    3.813582] serio: i8042 KBD port at 0x60,0x64 irq 1
[    3.845156] serio: i8042 AUX port at 0x60,0x64 irq 12
[    3.857399] mousedev: PS/2 mouse device common for all mice
[    3.865854] rtc_cmos rtc_cmos: rtc core: registered rtc_cmos as rtc0
[    3.880697] rtc_cmos rtc_cmos: alarms up to one day, 114 bytes nvram
[    3.918542] input: AT Translated Set 2 keyboard as /devices/platform/i8042/serio0/input/input2
[    3.920157] i2c /dev entries driver
[    3.920221] device-mapper: uevent: version 1.0.3
[    3.920292] device-mapper: ioctl: 4.37.0-ioctl (2017-09-20) initialised: dm-devel@redhat.com
[    4.014516] ledtrig-cpu: registered to indicate activity on CPUs
[    4.052894] NET: Registered protocol family 10
[    4.066501] Segment Routing with IPv6
[    4.089383] NET: Registered protocol family 17
[    4.096707] Key type dns_resolver registered
[    4.113044] RAS: Correctable Errors collector initialized.
[    4.130162] sched_clock: Marking stable (4130117007, 0)->(11269227195, -7139110188)
[    4.142319] registered taskstats version 1
[    4.152758] Loading compiled-in X.509 certificates
[    4.157142] Loaded X.509 cert 'Build time autogenerated kernel key: 2ed9c0a78927f1fed24db33f01fd983502d97350'
[    4.187807] zswap: loaded using pool lzo/zbud
[    4.221105] Key type big_key registered
[    4.239752] Key type trusted registered
[    4.262853] Key type encrypted registered
[    4.265252] AppArmor: AppArmor sha1 policy hashing enabled
[    4.274643] ima: No TPM chip found, activating TPM-bypass! (rc=-19)
[    4.285572] ima: Allocated hash algorithm: sha1
[    4.297193] evm: HMAC attrs: 0x1
[    4.299027]   Magic number: 15:353:828
[    4.303115] rtc_cmos rtc_cmos: setting system clock to 2019-08-08 09:50:06 UTC (1565257806)
[    4.307071] BIOS EDD facility v0.16 2004-Jun-25, 0 devices found
[    4.309428] EDD information not available.
[    4.314870] Freeing unused kernel image memory: 2408K
[    4.332224] Write protecting the kernel read-only data: 20480k
[    4.335386] Freeing unused kernel image memory: 2008K
[    4.345117] Freeing unused kernel image memory: 1868K
[    4.398863] x86/mm: Checked W+X mappings: passed, no W+X pages found.
[    4.430455] x86/mm: Checking user space page tables
[    4.454824] x86/mm: Checked W+X mappings: passed, no W+X pages found.
Loading, please wait...
starting version 237
[    4.547280] Fusion MPT base driver 3.04.20
[    4.560807] e1000: Intel(R) PRO/1000 Network Driver - version 7.3.21-k8-NAPI
[    4.560808] e1000: Copyright (c) 1999-2006 Intel Corporation.
[    4.583381] Copyright (c) 1999-2008 LSI Corporation
[    4.598840] Fusion MPT SPI Host driver 3.04.20
[    4.634000] AVX2 version of gcm_enc/dec engaged.
[    4.635317] AES CTR mode by8 optimization enabled
[    4.790869] input: ImExPS/2 Generic Explorer Mouse as /devices/platform/i8042/serio1/input/input4
[    5.023075] e1000 0000:00:03.0 eth0: (PCI:33MHz:32-bit) 02:26:45:5c:bc:af
[    5.081453] e1000 0000:00:03.0 eth0: Intel(R) PRO/1000 Network Connection
[    5.672382] e1000 0000:00:08.0 eth1: (PCI:33MHz:32-bit) 08:00:27:c9:d5:b5
[    5.739549] e1000 0000:00:08.0 eth1: Intel(R) PRO/1000 Network Connection
[    5.785414] e1000 0000:00:03.0 enp0s3: renamed from eth0
[    5.787434] mptbase: ioc0: Initiating bringup
[    5.816997] e1000 0000:00:08.0 enp0s8: renamed from eth1
[    5.944494] ioc0: LSI53C1030 A0: Capabilities={Initiator}
[    7.147598] scsi host2: ioc0: LSI53C1030 A0, FwRev=00000000h, Ports=1, MaxQ=256, IRQ=20
[    8.123291] scsi 2:0:0:0: Direct-Access     VBOX     HARDDISK         1.0  PQ: 0 ANSI: 5
[    9.434116] scsi target2:0:0: Beginning Domain Validation
[    9.754979] scsi target2:0:0: Domain Validation skipping write tests
[    9.756675] scsi target2:0:0: Ending Domain Validation
[    9.758212] scsi target2:0:0: asynchronous
[    9.759728] scsi 2:0:1:0: Direct-Access     VBOX     HARDDISK         1.0  PQ: 0 ANSI: 5
[   11.296303] scsi target2:0:1: Beginning Domain Validation
[   11.519349] random: fast init done
[   11.776596] scsi target2:0:1: Domain Validation skipping write tests
[   13.075737] scsi target2:0:1: Ending Domain Validation
[   13.084236] scsi target2:0:1: asynchronous
[   13.090121] random: systemd-udevd: uninitialized urandom read (16 bytes read)
[   13.090158] sd 2:0:0:0: Attached scsi generic sg0 type 0
[   13.090341] sd 2:0:1:0: Attached scsi generic sg1 type 0
[   13.090929] sd 2:0:0:0: [sda] 20971520 512-byte logical blocks: (10.7 GB/10.0 GiB)
[   13.091834] sd 2:0:0:0: [sda] Write Protect is off
[   13.091978] sd 2:0:0:0: [sda] Incomplete mode parameter data
[   13.091979] sd 2:0:0:0: [sda] Assuming drive cache: write through
[   13.093488]  sda: sda1
[   13.094156] sd 2:0:0:0: [sda] Attached SCSI disk
[   13.094474] sd 2:0:1:0: [sdb] 20480 512-byte logical blocks: (10.5 MB/10.0 MiB)
[   13.094550] sd 2:0:1:0: [sdb] Write Protect is off
[   13.094666] sd 2:0:1:0: [sdb] Incomplete mode parameter data
[   13.094668] sd 2:0:1:0: [sdb] Assuming drive cache: write through
[   13.097355] sd 2:0:1:0: [sdb] Attached SCSI disk
[   13.158534] random: systemd-udevd: uninitialized urandom read (16 bytes read)
[   13.163497] random: systemd-udevd: uninitialized urandom read (16 bytes read)
Begin: Loading essential drivers ... [   14.640478] raid6: sse2x1   gen() 10384 MB/s
[   14.768512] raid6: sse2x1   xor()  8316 MB/s
[   14.864329] raid6: sse2x2   gen() 16397 MB/s
[   14.976480] raid6: sse2x2   xor()  9506 MB/s
[   15.077037] raid6: sse2x4   gen() 17087 MB/s
[   15.168228] raid6: sse2x4   xor() 10152 MB/s
[   15.252022] raid6: avx2x1   gen() 24106 MB/s
[   15.344324] raid6: avx2x1   xor() 11783 MB/s
[   15.392442] raid6: avx2x2   gen() 11029 MB/s
[   15.441906] raid6: avx2x2   xor() 14610 MB/s
[   15.524506] raid6: avx2x4   gen() 27882 MB/s
[   15.641654] raid6: avx2x4   xor() 20833 MB/s
[   15.676661] raid6: using algorithm avx2x4 gen() 27882 MB/s
[   15.678132] raid6: .... xor() 20833 MB/s, rmw enabled
[   15.679616] raid6: using avx2x2 recovery algorithm
[   15.706801] xor: automatically using best checksumming function   avx       
[   15.755076] async_tx: api initialized (async)
done.
Begin: Running /scripts/init-premount ... done.
Begin: Mounting root file system ... Begin: Running /scripts/local-top ... done.
Begin: Running /scripts/local-premount ... [   15.802842] Btrfs loaded, crc32c=crc32c-intel
Scanning for Btrfs filesystems
done.
Warning: fsck no[   15.838361] EXT4-fs (sda1): INFO: recovery required on readonly filesystem
t present, so sk[   15.942420] EXT4-fs (sda1): write access will be enabled during recovery
ipping root file system
[   16.103018] EXT4-fs (sda1): recovery complete
[   16.104703] EXT4-fs (sda1): mounted filesystem with ordered data mode. Opts: (null)
done.
Begin: Running /scripts/local-bottom ... done.
Begin: Running /scripts/init-bottom ... done.
[   16.437389] ip_tables: (C) 2000-2006 Netfilter Core Team
[   16.446201] systemd[1]: systemd 237 running in system mode. (+PAM +AUDIT +SELINUX +IMA +APPARMOR +SMACK +SYSVINIT +UTMP +LIBCRYPTSETUP +GCRYPT +GNUTLS +ACL +XZ +LZ4 +SECCOMP +BLKID +ELFUTILS +KMOD -IDN2 +IDN -PCRE2 default-hierarchy=hybrid)
[   16.454328] systemd[1]: Detected virtualization oracle.
[   16.462648] systemd[1]: Detected architecture x86-64.

Welcome to [1mUbuntu 18.04.2 LTS[0m!

[   16.497185] systemd[1]: Set hostname to <ubuntu-bionic>.
[   16.849473] systemd[1]: Reached target User and Group Name Lookups.
[[0;32m  OK  [0m] Reached target User and Group Name Lookups.
[   16.854296] systemd[1]: Set up automount Arbitrary Executable File Formats File System Automount Point.
[[0;32m  OK  [0m] Set up automount Arbitrary Executab…rmats File System Automount Point.
[   16.859671] systemd[1]: Started Forward Password Requests to Wall Directory Watch.
[[0;32m  OK  [0m] Started Forward Password Requests to Wall Directory Watch.
[   16.893788] systemd[1]: Created slice User and Session Slice.
[[0;32m  OK  [0m] Created slice User and Session Slice.
[   16.916665] systemd[1]: Reached target Swap.
[[0;32m  OK  [0m] Reached target Swap.
[   16.960304] systemd[1]: Reached target System Time Synchronized.
[[0;32m  OK  [0m] Reached target System Time Synchronized.
[[0;32m  OK  [0m] Created slice System Slice.
[[0;32m  OK  [0m] Created slice system-serial\x2dgetty.slice.
[[0;32m  OK  [0m] Listening on udev Control Socket.
[[0;32m  OK  [0m] Listening on udev Kernel Socket.
[[0;32m  OK  [0m] Listening on Journal Socket (/dev/log).
[[0;32m  OK  [0m] Listening on LVM2 metadata daemon socket.
[[0;32m  OK  [0m] Listening on Journal Audit Socket.
[[0;32m  OK  [0m] Listening on Syslog Socket.
[[0;32m  OK  [0m] Listening on /dev/initctl Compatibility Named Pipe.
[[0;32m  OK  [0m] Reached target Slices.
[[0;32m  OK  [0m] Listening on Network Service Netlink Socket.
[[0;32m  OK  [0m] Listening on Journal Socket.
         Mounting POSIX Message Queue File System...
         Mounting Huge Pages File System...
         Starting Set the console keyboard layout...
         Starting Journal Service...
         Starting Uncomplicated firewall...
         Starting Create list of required st…ce nodes for the current kernel...
         Starting udev Coldplug all Devices...
[[0;32m  OK  [0m] Listening on Device-mapper event daemon FIFOs.
         Starting Monitoring of LVM2 mirrors…ng dmeventd or progress polling...
         Starting Load Kernel Modules...
         Mounting Kernel Debug File System...
         Starting Remount Root and Kernel File Systems...
[[0;32m  OK  [0m] Listening on LVM2 poll daemon socket.
[[0;32m  OK  [0m] Started Journal Service.
[[0;32m  OK  [0m] Mounted POSIX Message Queue File System.
[[0;32m  OK  [0m] Mounted Huge Pages File System.
[[0;32m  OK  [0m] Started Uncomplicated firewall.
[[0;32m  OK  [0m] Started Create list of required sta…vice nodes for the current kernel.
[[0;32m  OK  [0m] Mounted Kernel Debug File System.
[   17.673271] EXT4-fs (sda1): re-mounted. Opts: (null)
         Starting Create Static Device Nodes in /dev...
[   17.693994] Loading iSCSI transport class v2.0-870.
[[0;32m  OK  [0m] Started Remount Root and Kernel File Systems.
[[0;32m  OK  [0m] Started LVM2 metadata daemon.
[   17.745327] iscsi: registered transport (tcp)
[   17.768701] iscsi: registered transport (iser)
[   17.780771] random: crng init done
[   17.790791] random: 7 urandom warning(s) missed due to ratelimiting
         Starting Flush Journal to Persistent Storage...
         Starting Load/Save Random Seed...
[[0;32m  OK  [0m] Started Set the console keyboard layout.
[[0;32m  OK  [0m] Started Load Kernel Modules.
[[0;32m  OK  [0m] Started Monitoring of LVM2 mirrors,…sing dmeventd or progress polling.
[[0;32m  OK  [0m] Started udev Coldplug all Devices.
[[0;32m  OK  [0m] Started Create Static Device Nodes in /dev.
[[0;32m  OK  [0m] Started Load/Save Random Seed.
         Starting udev Kernel Device Manager...
         Starting Apply Kernel Variables...
         Mounting FUSE Control File System...
         Mounting Kernel Configuration File System...
[[0;32m  OK  [0m] Reached target Local File Systems (Pre).
[[0;32m  OK  [0m] Reached target Local File Systems.
         Starting ebtables ruleset management...
         Starting AppArmor initialization...
         Starting Tell Plymouth To Write Out Runtime Data...
         Starting Set console font and keymap...
[[0;32m  OK  [0m] Started udev Kernel Device Manager.
[[0;32m  OK  [0m] Mounted FUSE Control File System.
[[0;32m  OK  [0m] Mounted Kernel Configuration File System.
[[0;32m  OK  [0m] Started Tell Plymouth To Write Out Runtime Data.
[[0;32m  OK  [0m] Started Dispatch Password Requests to Console Directory Watch.
[   18.131686] systemd-journald[396]: Received request to flush runtime journal from PID 1
[[0;32m  OK  [0m] Reached target Local Encrypted Volumes.
[[0;32m  OK  [0m] Started Set console font and keymap.
[[0;32m  OK  [0m] Started Apply Kernel Variables.
[[0;32m  OK  [0m] Started ebtables ruleset management.
[[0;32m  OK  [0m] Started Flush Journal to Persistent Storage.
         Starting Create Volatile Files and Directories...
[[0;32m  OK  [0m] Started Create Volatile Files and Directories.
         Starting Update UTMP about System Boot/Shutdown...
[[0;32m  OK  [0m] Started Update UTMP about System Boot/Shutdown.
[[0;32m  OK  [0m] Found device /dev/ttyS0.
[[0;32m  OK  [0m] Listening on Load/Save RF Kill Switch Status /dev/rfkill Watch.
[[0;32m  OK  [0m] Started AppArmor initialization.
         Starting Initial cloud-init job (pre-networking)...
[   20.649634] cloud-init[526]: Cloud-init v. 19.1-1-gbaa47854-0ubuntu1~18.04.1 running 'init-local' at Thu, 08 Aug 2019 09:50:22 +0000. Up 20.33 seconds.
[[0;32m  OK  [0m] Started Initial cloud-init job (pre-networking).
[[0;32m  OK  [0m] Reached target Network (Pre).
         Starting Network Service...
[[0;32m  OK  [0m] Started Network Service.
         Starting Network Name Resolution...
         Starting Wait for Network to be Configured...
[[0;32m  OK  [0m] Started Network Name Resolution.
[[0;32m  OK  [0m] Reached target Host and Network Name Lookups.
[[0;32m  OK  [0m] Reached target Network.
[[0;32m  OK  [0m] Started Wait for Network to be Configured.
         Starting Initial cloud-init job (metadata service crawler)...
[   23.092046] cloud-init[710]: Cloud-init v. 19.1-1-gbaa47854-0ubuntu1~18.04.1 running 'init' at Thu, 08 Aug 2019 09:50:25 +0000. Up 22.92 seconds.
[   23.106263] cloud-init[710]: ci-info: ++++++++++++++++++++++++++++++++++++++Net device info+++++++++++++++++++++++++++++++++++++++
[   23.110407] cloud-init[710]: ci-info: +--------+------+-----------------------------+---------------+--------+-------------------+
[   23.114425] cloud-init[710]: ci-info: | Device |  Up  |           Address           |      Mask     | Scope  |     Hw-Address    |
[   23.123578] cloud-init[710]: ci-info: +--------+------+-----------------------------+---------------+--------+-------------------+
[   23.133349] cloud-init[710]: ci-info: | enp0s3 | True |          10.0.2.15          | 255.255.255.0 | global | 02:26:45:5c:bc:af |
[   23.137169] cloud-init[710]: ci-info: | enp0s3 | True |  fe80::26:45ff:fe5c:bcaf/64 |       .       |  link  | 02:26:45:5c:bc:af |
[   23.149672] cloud-init[710]: ci-info: | enp0s8 | True |        192.168.33.10        | 255.255.255.0 | global | 08:00:27:c9:d5:b5 |
[   23.184207] cloud-init[710]: ci-info: | enp0s8 | True | fe80::a00:27ff:fec9:d5b5/64 |       .       |  link  | 08:00:27:c9:d5:b5 |
[   23.230637] cloud-init[710]: ci-info: |   lo   | True |          127.0.0.1          |   255.0.0.0   |  host  |         .         |
[   23.239259] cloud-init[710]: ci-info: |   lo   | True |           ::1/128           |       .       |  host  |         .         |
[   23.274516] cloud-init[710]: ci-info: +--------+------+-----------------------------+---------------+--------+-------------------+
[   23.289117] cloud-init[710]: ci-info: +++++++++++++++++++++++++++++Route IPv4 info+++++++++++++++++++++++++++++
[   23.294852] cloud-init[710]: ci-info: +-------+--------------+----------+-----------------+-----------+-------+
[   23.298673] cloud-init[710]: ci-info: | Route | Destination  | Gateway  |     Genmask     | Interface | Flags |
[   23.302331] cloud-init[710]: ci-info: +-------+--------------+----------+-----------------+-----------+-------+
[   23.310263] cloud-init[710]: ci-info: |   0   |   0.0.0.0    | 10.0.2.2 |     0.0.0.0     |   enp0s3  |   UG  |
[   23.313739] cloud-init[710]: ci-info: |   1   |   10.0.2.0   | 0.0.0.0  |  255.255.255.0  |   enp0s3  |   U   |
[   23.317407] cloud-init[710]: ci-info: |   2   |   10.0.2.2   | 0.0.0.0  | 255.255.255.255 |   enp0s3  |   UH  |
[   23.321001] cloud-init[710]: ci-info: |   3   | 192.168.33.0 | 0.0.0.0  |  255.255.255.0  |   enp0s8  |   U   |
[   23.336576] cloud-init[710]: ci-info: +-------+--------------+----------+-----------------+-----------+-------+
[   23.353832] cloud-init[710]: ci-info: +++++++++++++++++++Route IPv6 info+++++++++++++++++++
[   23.368380] cloud-init[710]: ci-info: +-------+-------------+---------+-----------+-------+
[   23.391119] cloud-init[710]: ci-info: | Route | Destination | Gateway | Interface | Flags |
[[0;32m  OK  [0m] Started Initial cloud-init job (metadata service crawler).
[[0;32m  OK  [0m] Reached target Network is Online.
[   23.436980] cloud-init[710]: ci-info: +-------+-------------+---------+-----------+-------+
[   23.516564]          Starting Availability of block devices...
[[0;32m  OK  [0m] Reached target Remote File Systems (Pre).
[[0;32m  OK  [0m] Reached target Remote File Systems.
[[0;32m  OK  [0m] Reached target System Initialization.
cloud-init[710]: ci-info: |   1   |  fe80::/64  |    ::   |   enp0s8  |   U   |
[[0;32m  OK  [0m] Started Message of the Day.
[   23.547567] cloud-init         Starting LXD - unix socket.
[[0;32m  OK  [0m] Started Daily apt download activities.
[710]: ci-info: |   2   |  fe80::/64  |    ::   |   enp0s3  |   U   |
[[0;32m  OK  [0m] Started Daily Cleanup of Temporary Directories.
[   23.601245] [[0;32m  OK  [0m] Started Discard unused blocks once a week.
[[0;32m  OK  [0m] Started Daily apt upgrade and clean activities.
[[0;32m  OK  [0m] Listening on D-Bus System Message Bus Socket.
[[0;32m  OK  [0m] Listening on ACPID Listen Socket.
[[0;32m  OK  [0m] Listening on UUID daemon activation socket.
[[0;32m  OK  [0m] Listening on Open-iSCSI iscsid Socket.
[[0;32m  OK  [0m] Reached target Timers.
cloud-init[710]: ci-info: |   4   |    local    |    ::   |   enp0s3  |   U   |
[[0;32m  OK  [0m] [   23.812305] cloud-init[710]: ci-info: |   5   |    local    |    ::   |   enp0s8  |   U   |
[   23.815088] cloud-init[710]: ci-info: |   6   |   ff00::/8  |    ::   |   enp0s8  |   U   |
[   23.815145] cloud-init[710]: ci-info: |   7   |   ff00::/8  |    ::   |   enp0s3  |   U   |
[   23.815191] cloud-init[710]: ci-info: +-------+-------------+---------+-----------+-------+
Started ACPI Events Check.
[[0;32m  OK  [0m] Reached target Paths.
         Starting Socket activation for snappy daemon.
[[0;32m  OK  [0m] Reached target Cloud-config availability.
[[0;32m  OK  [0m] Started Availability of block devices.
[[0;32m  OK  [0m] Listening on LXD - unix socket.
[[0;32m  OK  [0m] Listening on Socket activation for snappy daemon.
[[0;32m  OK  [0m] Reached target Sockets.
[[0;32m  OK  [0m] Reached target Basic System.
[[0;32m  OK  [0m] Started Deferred execution scheduler.
         Starting Permit User Sessions...
         Starting LSB: Record successful boot for GRUB...
         Starting LSB: automatic crash report generation...
         Starting System Logging Service...
         Starting vboxadd.service...
         Starting Accounts Service...
[[0;32m  OK  [0m] Started D-Bus System Message Bus.
[[0;32m  OK  [0m] Started FUSE filesystem for LXC.
         Starting OpenBSD Secure Shell server...
[[0;32m  OK  [0m] Started Regular background program processing daemon.
         Starting Login Service...
         Starting LXD - container startup/shutdown...
         Starting Dispatcher daemon for systemd-networkd...
[[0;32m  OK  [0m] Started irqbalance daemon.
         Starting Snappy daemon...
[[0;32m  OK  [0m] Started System Logging Service.
[[0;32m  OK  [0m] Started Permit User Sessions.
[[0;32m  OK  [0m] Started OpenBSD Secure Shell server.
[[0;32m  OK  [0m] Started Login Service.
[[0;32m  OK  [0m] Started Unattended Upgrades Shutdown.
         Starting Authorization Manager...
         Starting Hold until boot process finishes up...
         Starting Terminate Plymouth Boot Screen...
[[0;32m  OK  [0m] Started Hold until boot process finishes up.
         Starting Set console scheme...
[[0;32m  OK  [0m] Started Serial Getty on ttyS0.
[[0;32m  OK  [0m] Started Terminate Plymouth Boot Screen.
[[0;32m  OK  [0m] Started Set console scheme.
[[0;32m  OK  [0m] Started LSB: Record successful boot for GRUB.
[[0;32m  OK  [0m] Started LSB: automatic crash report generation.
[[0;32m  OK  [0m] Created slice system-getty.slice.
[[0;32m  OK  [0m] Started Getty on tty1.
[[0;32m  OK  [0m] Reached target Login Prompts.
[[0;32m  OK  [0m] Started Authorization Manager.
[[0;32m  OK  [0m] Started LXD - container startup/shutdown.
[[0;32m  OK  [0m] Started Accounts Service.
[[0;32m  OK  [0m] Started Dispatcher daemon for systemd-networkd.
[[0;32m  OK  [0m] Started vboxadd.service.
         Starting vboxadd-service.service...
[[0;32m  OK  [0m] Started Snappy daemon.
[[0;32m  OK  [0m] Started vboxadd-service.service.
         Starting Wait until snapd is fully seeded...
[[0;32m  OK  [0m] Started Wait until snapd is fully seeded.
         Starting Apply the settings specified in cloud-config...
[[0;32m  OK  [0m] Reached target Multi-User System.
[[0;32m  OK  [0m] Reached target Graphical Interface.
         Starting Update UTMP about System Runlevel Changes...
[[0;32m  OK  [0m] Started Update UTMP about System Runlevel Changes.
[   25.912550] cloud-init[1142]: Cloud-init v. 19.1-1-gbaa47854-0ubuntu1~18.04.1 running 'modules:config' at Thu, 08 Aug 2019 09:50:27 +0000. Up 25.75 seconds.
[[0;32m  OK  [0m] Started Apply the settings specified in cloud-config.
         Starting Execute cloud user/final scripts...
[   26.545309] cloud-init[1198]: Cloud-init v. 19.1-1-gbaa47854-0ubuntu1~18.04.1 running 'modules:final' at Thu, 08 Aug 2019 09:50:28 +0000. Up 26.41 seconds.
[[0;32m  OK  [0m] Started Execute cloud user/final scripts.
[   26.632264] cloud-init[1198]: [Cloud-init v. 19.1-1-gbaa47854-0ubuntu1~18.04.1 finished at Thu, 08 Aug 2019 09:50:28 +0000. Datasource DataSourceNoCloud [seed=/dev/sdb][dsmode=net].  Up 26.53 seconds[0;32m  OK  [0m
] Reached target Cloud-init target.

Ubuntu 18.04.2 LTS ubuntu-bionic ttyS0

ubuntu-bionic login: 